<?xml version="1.0" encoding="UTF-8"?>
<!-- Generated by org.testng.reporters.JUnitReportReporter -->
<testsuite hostname="LAPTOP-1FN5KCAD" name="TestCases.ABOUTUS" tests="1" failures="0" timestamp="26 Sep 2019 02:40:10 GMT" time="6.638" errors="0">
  <testcase name="ABOUTUS" time="6.638" classname="TestCases.ABOUTUS"/>
</testsuite> <!-- TestCases.ABOUTUS -->
