<?xml version="1.0" encoding="UTF-8"?>
<!-- Generated by org.testng.reporters.JUnitReportReporter -->
<testsuite skipped="0" hostname="LAPTOP-1FN5KCAD" name="TestCases.HOME" tests="2" failures="0" timestamp="01 Aug 2019 05:17:20 GMT" time="15.426" errors="0">
  <testcase name="PRODUCTCATEGORIES" time="6.741" classname="TestCases.HOME"/>
  <testcase name="LOGO" time="8.685" classname="TestCases.HOME"/>
</testsuite> <!-- TestCases.HOME -->
