<?xml version="1.0" encoding="UTF-8"?>
<!-- Generated by org.testng.reporters.JUnitReportReporter -->
<testsuite skipped="0" hostname="LAPTOP-1FN5KCAD"
	name="TestLogin.NavigationAdminTestNG" tests="2" failures="0"
	timestamp="08 Feb 2019 07:42:15 GMT" time="1.719" errors="0">
	<testcase name="Login" time="0.357"
		classname="TestLogin.NavigationAdminTestNG" />
	<testcase name="AccessHomePageButtons" time="1.362"
		classname="TestLogin.NavigationAdminTestNG" />
</testsuite> <!-- TestLogin.NavigationAdminTestNG -->
