<?xml version="1.0" encoding="UTF-8"?>
<!-- Generated by org.testng.reporters.JUnitReportReporter -->
<testsuite skipped="0" hostname="LAPTOP-1FN5KCAD"
	name="TestCases.CreateUserFieldValidation" tests="3" failures="0"
	timestamp="28 Mar 2019 10:32:08 GMT" time="10.960" errors="0">
	<testcase name="Login" time="1.224"
		classname="TestCases.CreateUserFieldValidation" />
	<testcase name="NavigatetoUserspage" time="6.756"
		classname="TestCases.CreateUserFieldValidation" />
	<testcase name="PopulateFields" time="2.980"
		classname="TestCases.CreateUserFieldValidation" />
</testsuite> <!-- TestCases.CreateUserFieldValidation -->
