<?xml version="1.0" encoding="UTF-8"?>
<!-- Generated by org.testng.reporters.JUnitReportReporter -->
<testsuite skipped="0" hostname="LAPTOP-1FN5KCAD"
	name="TestCases.TestNavigationAdmin" tests="12" failures="0"
	timestamp="19 Mar 2019 05:47:52 GMT" time="38.397" errors="0">
	<testcase name="Login" time="3.573"
		classname="TestCases.TestNavigationAdmin" />
	<testcase name="SwitchtoInternalbutton" time="0.084"
		classname="TestCases.TestNavigationAdmin" />
	<testcase name="SwitchtoAdminbutton" time="3.512"
		classname="TestCases.TestNavigationAdmin" />
	<testcase name="UploadButton" time="1.721"
		classname="TestCases.TestNavigationAdmin" />
	<testcase name="BrowseButton" time="2.244"
		classname="TestCases.TestNavigationAdmin" />
	<testcase name="UsersPage" time="4.065"
		classname="TestCases.TestNavigationAdmin" />
	<testcase name="BrowseFilesPage" time="4.602"
		classname="TestCases.TestNavigationAdmin" />
	<testcase name="UploadAssetPage" time="3.538"
		classname="TestCases.TestNavigationAdmin" />
	<testcase name="ManageFoldersPage" time="4.842"
		classname="TestCases.TestNavigationAdmin" />
	<testcase name="ShareRequestPage" time="3.598"
		classname="TestCases.TestNavigationAdmin" />
	<testcase name="DownloadRequestsPage" time="4.479"
		classname="TestCases.TestNavigationAdmin" />
	<testcase name="Logout" time="2.139"
		classname="TestCases.TestNavigationAdmin" />
</testsuite> <!-- TestCases.TestNavigationAdmin -->
