<?xml version="1.0" encoding="UTF-8"?>
<!-- Generated by org.testng.reporters.JUnitReportReporter -->
<testsuite skipped="0" hostname="LAPTOP-1FN5KCAD"
	name="TestCases.UploadAsset" tests="3" failures="0"
	timestamp="13 Feb 2019 04:05:55 GMT" time="2.782" errors="0">
	<testcase name="Login" time="0.369"
		classname="TestCases.UploadAsset" />
	<testcase name="UploadButton" time="1.271"
		classname="TestCases.UploadAsset" />
	<testcase name="OpenToBrowser" time="1.142"
		classname="TestCases.UploadAsset" />
</testsuite> <!-- TestCases.UploadAsset -->
