<?xml version="1.0" encoding="UTF-8"?>
<!-- Generated by org.testng.reporters.JUnitReportReporter -->
<testsuite skipped="0" hostname="DESKTOP-VE18G7S" name="TestCases.ExtentReportLogin" tests="2" failures="0" timestamp="26 Jul 2019 05:24:44 GMT" time="0.321" errors="0">
  <testcase name="ShouldnotLoginWithNoCredentials" time="0.163" classname="TestCases.ExtentReportLogin"/>
  <testcase name="ShouldnotLoginWithEmailonly" time="0.158" classname="TestCases.ExtentReportLogin"/>
</testsuite> <!-- TestCases.ExtentReportLogin -->
