<?xml version="1.0" encoding="UTF-8"?>
<!-- Generated by org.testng.reporters.JUnitReportReporter -->
<testsuite skipped="0" hostname="LAPTOP-1FN5KCAD"
	name="TestCases.CreateDLRequestAdvance" tests="2" failures="0"
	timestamp="26 Mar 2019 05:02:35 GMT" time="7.792" errors="0">
	<testcase name="Login" time="0.291"
		classname="TestCases.CreateDLRequestAdvance" />
	<testcase name="LocateAdvanceAsset" time="7.501"
		classname="TestCases.CreateDLRequestAdvance" />
</testsuite> <!-- TestCases.CreateDLRequestAdvance -->
