<?xml version="1.0" encoding="UTF-8"?>
<!-- Generated by org.testng.reporters.JUnitReportReporter -->
<testsuite skipped="0" hostname="LAPTOP-1FN5KCAD"
	name="TestCases.TestNavigationCreatives" tests="12" failures="0"
	timestamp="14 Mar 2019 07:46:13 GMT" time="41.129" errors="0">
	<testcase name="Login" time="2.654"
		classname="TestCases.TestNavigationCreatives" />
	<testcase name="UploadButton" time="0.646"
		classname="TestCases.TestNavigationCreatives" />
	<testcase name="BrowseButton" time="1.415"
		classname="TestCases.TestNavigationCreatives" />
	<testcase name="UsersPage" time="4.132"
		classname="TestCases.TestNavigationCreatives" />
	<testcase name="BrowseFilesPage" time="4.434"
		classname="TestCases.TestNavigationCreatives" />
	<testcase name="UploadAssetPage" time="4.181"
		classname="TestCases.TestNavigationCreatives" />
	<testcase name="ManageFoldersPage" time="5.242"
		classname="TestCases.TestNavigationCreatives" />
	<testcase name="ShareRequestPage" time="3.491"
		classname="TestCases.TestNavigationCreatives" />
	<testcase name="DownloadRequestsPage" time="4.520"
		classname="TestCases.TestNavigationCreatives" />
	<testcase name="CustomizationRequestPage" time="3.583"
		classname="TestCases.TestNavigationCreatives" />
	<testcase name="RejectedCustomizationPage" time="4.700"
		classname="TestCases.TestNavigationCreatives" />
	<testcase name="Logout" time="2.131"
		classname="TestCases.TestNavigationCreatives" />
</testsuite> <!-- TestCases.TestNavigationCreatives -->
