<?xml version="1.0" encoding="UTF-8"?>
<!-- Generated by org.testng.reporters.JUnitReportReporter -->
<testsuite skipped="0" hostname="LAPTOP-1FN5KCAD"
	name="TestCases.CreateShareRequest" tests="5" failures="0"
	timestamp="26 Mar 2019 06:11:47 GMT" time="4.860" errors="0">
	<testcase name="Login" time="0.320"
		classname="TestCases.CreateShareRequest" />
	<testcase name="LocateAsset" time="3.188"
		classname="TestCases.CreateShareRequest" />
	<testcase name="PopulateFields" time="0.673"
		classname="TestCases.CreateShareRequest" />
	<testcase name="ClickShare" time="0.056"
		classname="TestCases.CreateShareRequest" />
	<testcase name="CloseModal" time="0.623"
		classname="TestCases.CreateShareRequest" />
</testsuite> <!-- TestCases.CreateShareRequest -->
