<?xml version="1.0" encoding="UTF-8"?>
<!-- Generated by org.testng.reporters.JUnitReportReporter -->
<testsuite skipped="0" hostname="LAPTOP-1FN5KCAD"
	name="TestLogin.NewTest" tests="2" failures="0"
	timestamp="08 Feb 2019 07:41:05 GMT" time="1.668" errors="0">
	<testcase name="Login" time="0.335"
		classname="TestLogin.NewTest" />
	<testcase name="AccessHomePageButtons" time="1.333"
		classname="TestLogin.NewTest" />
</testsuite> <!-- TestLogin.NewTest -->
